client-android/ChatroomDemo/app/build/outputs/logs/manifest-merger-debug-report.txt
-- Merging decision tree log ---
manifest
ADDED from src/main/AndroidManifest.xml:2:1-47:12
	package
		ADDED from src/main/AndroidManifest.xml:3:5-40
		INJECTED from src/main/AndroidManifest.xml
		INJECTED from src/main/AndroidManifest.xml
	android:versionName
		INJECTED from src/main/AndroidManifest.xml
		INJECTED from src/main/AndroidManifest.xml
	xmlns:android
		ADDED from src/main/AndroidManifest.xml:2:11-69
	android:versionCode
		INJECTED from src/main/AndroidManifest.xml
		INJECTED from src/main/AndroidManifest.xml
uses-permission#android.permission.INTERNET
ADDED from src/main/AndroidManifest.xml:5:5-67
MERGED from [ChatroomDemo:IMLib:unspecified] AndroidManifest.xml:12:5-67
	android:name
		ADDED from src/main/AndroidManifest.xml:5:22-64
application
ADDED from src/main/AndroidManifest.xml:8:5-45:19
MERGED from [com.github.hust201010701:XDanmuku:-SNAPSHOT] AndroidManifest.xml:11:5-15:19
MERGED from [com.android.support:appcompat-v7:26.0.0-alpha1] AndroidManifest.xml:29:5-20
MERGED from [com.android.support:support-v4:26.0.0] AndroidManifest.xml:25:5-29:19
MERGED from [com.android.support:support-media-compat:26.0.0] AndroidManifest.xml:25:5-29:19
MERGED from [com.android.support:support-fragment:26.0.0] AndroidManifest.xml:25:5-29:19
MERGED from [com.android.support:support-core-ui:26.0.0] AndroidManifest.xml:25:5-29:19
MERGED from [com.android.support:support-core-utils:26.0.0] AndroidManifest.xml:25:5-29:19
MERGED from [com.android.support:animated-vector-drawable:26.0.0-alpha1] AndroidManifest.xml:26:5-20
MERGED from [com.android.support:support-vector-drawable:26.0.0-alpha1] AndroidManifest.xml:26:5-20
MERGED from [ChatroomDemo:IMLib:unspecified] AndroidManifest.xml:24:5-95:19
MERGED from [com.android.support:support-compat:26.0.0] AndroidManifest.xml:25:5-29:19
MERGED from [com.android.support.test:runner:0.5] AndroidManifest.xml:24:5-20
MERGED from [com.android.support.test:exposed-instrumentation-api-publish:0.5] AndroidManifest.xml:24:5-20
MERGED from [com.android.support.test.espresso:espresso-idling-resource:2.2.2] AndroidManifest.xml:24:5-20
	android:label
		ADDED from src/main/AndroidManifest.xml:12:9-41
	android:supportsRtl
		ADDED from src/main/AndroidManifest.xml:13:9-35
	android:allowBackup
		ADDED from src/main/AndroidManifest.xml:10:9-35
	android:icon
		ADDED from src/main/AndroidManifest.xml:11:9-47
	android:theme
		ADDED from src/main/AndroidManifest.xml:14:9-45
	android:name
		ADDED from src/main/AndroidManifest.xml:9:9-36
activity#cn.rongcloud.chatroomdemo.ui.activity.SplashActivity
ADDED from src/main/AndroidManifest.xml:17:9-28:20
	android:screenOrientation
		ADDED from src/main/AndroidManifest.xml:19:13-49
	android:windowSoftInputMode
		ADDED from src/main/AndroidManifest.xml:21:13-64
	android:theme
		ADDED from src/main/AndroidManifest.xml:20:13-55
	android:name
		ADDED from src/main/AndroidManifest.xml:18:13-55
intent-filter#android.intent.action.MAIN+android.intent.category.LAUNCHER
ADDED from src/main/AndroidManifest.xml:23:13-27:29
action#android.intent.action.MAIN
ADDED from src/main/AndroidManifest.xml:24:17-69
	android:name
		ADDED from src/main/AndroidManifest.xml:24:25-66
category#android.intent.category.LAUNCHER
ADDED from src/main/AndroidManifest.xml:26:17-77
	android:name
		ADDED from src/main/AndroidManifest.xml:26:27-74
activity#cn.rongcloud.chatroomdemo.ui.activity.LiveListActivity
ADDED from src/main/AndroidManifest.xml:30:9-33:67
	android:screenOrientation
		ADDED from src/main/AndroidManifest.xml:32:13-49
	android:windowSoftInputMode
		ADDED from src/main/AndroidManifest.xml:33:13-64
	android:name
		ADDED from src/main/AndroidManifest.xml:31:13-57
activity#cn.rongcloud.chatroomdemo.ui.activity.LiveShowActivity
ADDED from src/main/AndroidManifest.xml:35:9-44:20
	android:screenOrientation
		ADDED from src/main/AndroidManifest.xml:37:13-49
	android:windowSoftInputMode
		ADDED from src/main/AndroidManifest.xml:38:13-55
	android:name
		ADDED from src/main/AndroidManifest.xml:36:13-57
intent-filter#android.intent.action.VIEW+android.intent.category.DEFAULT
ADDED from src/main/AndroidManifest.xml:40:13-43:29
action#android.intent.action.VIEW
ADDED from src/main/AndroidManifest.xml:41:17-69
	android:name
		ADDED from src/main/AndroidManifest.xml:41:25-66
category#android.intent.category.DEFAULT
ADDED from src/main/AndroidManifest.xml:42:17-76
	android:name
		ADDED from src/main/AndroidManifest.xml:42:27-73
uses-sdk
INJECTED from src/main/AndroidManifest.xml reason: use-sdk injection requested
MERGED from [com.github.hust201010701:XDanmuku:-SNAPSHOT] AndroidManifest.xml:7:5-9:41
MERGED from [com.android.support:appcompat-v7:26.0.0-alpha1] AndroidManifest.xml:21:5-23:78
MERGED from [com.android.support:support-v4:26.0.0] AndroidManifest.xml:21:5-23:54
MERGED from [com.android.support:support-media-compat:26.0.0] AndroidManifest.xml:21:5-23:63
MERGED from [com.android.support:support-fragment:26.0.0] AndroidManifest.xml:21:5-23:60
MERGED from [com.android.support:support-core-ui:26.0.0] AndroidManifest.xml:21:5-23:58
MERGED from [com.android.support:support-core-utils:26.0.0] AndroidManifest.xml:21:5-23:61
MERGED from [com.android.support:animated-vector-drawable:26.0.0-alpha1] AndroidManifest.xml:20:5-44
MERGED from [com.android.support:support-vector-drawable:26.0.0-alpha1] AndroidManifest.xml:20:5-44
MERGED from [ChatroomDemo:IMLib:unspecified] AndroidManifest.xml:7:5-9:41
MERGED from [com.android.support:support-compat:26.0.0] AndroidManifest.xml:21:5-23:58
MERGED from [com.android.support.test.espresso:espresso-core:2.2.2] AndroidManifest.xml:20:5-22:41
MERGED from [com.android.support.test:rules:0.5] AndroidManifest.xml:5:5-7:41
MERGED from [com.android.support.test:runner:0.5] AndroidManifest.xml:20:5-22:41
MERGED from [com.android.support.test:exposed-instrumentation-api-publish:0.5] AndroidManifest.xml:20:5-22:41
MERGED from [com.android.support.test.espresso:espresso-idling-resource:2.2.2] AndroidManifest.xml:20:5-22:41
	tools:overrideLibrary
		ADDED from [com.android.support:appcompat-v7:26.0.0-alpha1] AndroidManifest.xml:23:9-75
	android:targetSdkVersion
		INJECTED from src/main/AndroidManifest.xml
		INJECTED from src/main/AndroidManifest.xml
	android:minSdkVersion
		INJECTED from src/main/AndroidManifest.xml
		INJECTED from src/main/AndroidManifest.xml
meta-data#android.support.VERSION
ADDED from [com.android.support:appcompat-v7:26.0.0-alpha1] AndroidManifest.xml:25:5-27:41
MERGED from [com.android.support:support-media-compat:26.0.0] AndroidManifest.xml:26:9-28:38
MERGED from [com.android.support:support-fragment:26.0.0] AndroidManifest.xml:26:9-28:38
MERGED from [com.android.support:support-core-ui:26.0.0] AndroidManifest.xml:26:9-28:38
MERGED from [com.android.support:support-core-utils:26.0.0] AndroidManifest.xml:26:9-28:38
MERGED from [com.android.support:animated-vector-drawable:26.0.0-alpha1] AndroidManifest.xml:22:5-24:41
MERGED from [com.android.support:support-vector-drawable:26.0.0-alpha1] AndroidManifest.xml:22:5-24:41
MERGED from [com.android.support:support-compat:26.0.0] AndroidManifest.xml:26:9-28:38
	android:value
		ADDED from [com.android.support:appcompat-v7:26.0.0-alpha1] AndroidManifest.xml:27:9-38
	android:name
		ADDED from [com.android.support:appcompat-v7:26.0.0-alpha1] AndroidManifest.xml:26:9-47
uses-permission#android.permission.WRITE_EXTERNAL_STORAGE
ADDED from [ChatroomDemo:IMLib:unspecified] AndroidManifest.xml:11:5-81
	android:name
		ADDED from [ChatroomDemo:IMLib:unspecified] AndroidManifest.xml:11:22-78
uses-permission#android.permission.ACCESS_NETWORK_STATE
ADDED from [ChatroomDemo:IMLib:unspecified] AndroidManifest.xml:13:5-79
	android:name
		ADDED from [ChatroomDemo:IMLib:unspecified] AndroidManifest.xml:13:22-76
uses-permission#android.permission.ACCESS_WIFI_STATE
ADDED from [ChatroomDemo:IMLib:unspecified] AndroidManifest.xml:14:5-76
	android:name
		ADDED from [ChatroomDemo:IMLib:unspecified] AndroidManifest.xml:14:22-73
uses-permission#android.permission.READ_PHONE_STATE
ADDED from [ChatroomDemo:IMLib:unspecified] AndroidManifest.xml:15:5-75
	android:name
		ADDED from [ChatroomDemo:IMLib:unspecified] AndroidManifest.xml:15:22-72
uses-permission#android.permission.RECORD_AUDIO
ADDED from [ChatroomDemo:IMLib:unspecified] AndroidManifest.xml:16:5-71
	android:name
		ADDED from [ChatroomDemo:IMLib:unspecified] AndroidManifest.xml:16:22-68
uses-permission#android.permission.GET_TASKS
ADDED from [ChatroomDemo:IMLib:unspecified] AndroidManifest.xml:17:5-68
	android:name
		ADDED from [ChatroomDemo:IMLib:unspecified] AndroidManifest.xml:17:22-65
uses-permission#android.permission.WAKE_LOCK
ADDED from [ChatroomDemo:IMLib:unspecified] AndroidManifest.xml:18:5-68
	android:name
		ADDED from [ChatroomDemo:IMLib:unspecified] AndroidManifest.xml:18:22-65
uses-permission#android.permission.MODIFY_AUDIO_SETTINGS
ADDED from [ChatroomDemo:IMLib:unspecified] AndroidManifest.xml:19:5-80
	android:name
		ADDED from [ChatroomDemo:IMLib:unspecified] AndroidManifest.xml:19:22-77
uses-permission#android.permission.VIBRATE
ADDED from [ChatroomDemo:IMLib:unspecified] AndroidManifest.xml:20:5-66
	android:name
		ADDED from [ChatroomDemo:IMLib:unspecified] AndroidManifest.xml:20:22-63
uses-permission#android.permission.ACCESS_FINE_LOCATION
ADDED from [ChatroomDemo:IMLib:unspecified] AndroidManifest.xml:21:5-79
	android:name
		ADDED from [ChatroomDemo:IMLib:unspecified] AndroidManifest.xml:21:22-76
uses-permission#android.permission.RECEIVE_BOOT_COMPLETED
ADDED from [ChatroomDemo:IMLib:unspecified] AndroidManifest.xml:22:5-81
	android:name
		ADDED from [ChatroomDemo:IMLib:unspecified] AndroidManifest.xml:22:22-78
meta-data#RONG_CLOUD_APP_KEY
ADDED from [ChatroomDemo:IMLib:unspecified] AndroidManifest.xml:27:9-29:43
	android:value
		ADDED from [ChatroomDemo:IMLib:unspecified] AndroidManifest.xml:29:13-40
	android:name
		ADDED from [ChatroomDemo:IMLib:unspecified] AndroidManifest.xml:28:13-46
service#io.rong.imlib.ipc.RongService
ADDED from [ChatroomDemo:IMLib:unspecified] AndroidManifest.xml:31:9-34:38
	android:process
		ADDED from [ChatroomDemo:IMLib:unspecified] AndroidManifest.xml:34:13-35
	android:exported
		ADDED from [ChatroomDemo:IMLib:unspecified] AndroidManifest.xml:33:13-36
	android:name
		ADDED from [ChatroomDemo:IMLib:unspecified] AndroidManifest.xml:32:13-57
service#io.rong.imlib.ReConnectService
ADDED from [ChatroomDemo:IMLib:unspecified] AndroidManifest.xml:35:9-38:72
	android:exported
		ADDED from [ChatroomDemo:IMLib:unspecified] AndroidManifest.xml:37:13-36
	android:permission
		ADDED from [ChatroomDemo:IMLib:unspecified] AndroidManifest.xml:38:13-69
	android:name
		ADDED from [ChatroomDemo:IMLib:unspecified] AndroidManifest.xml:36:13-58
receiver#io.rong.imlib.ConnectChangeReceiver
ADDED from [ChatroomDemo:IMLib:unspecified] AndroidManifest.xml:40:9-42:39
	android:exported
		ADDED from [ChatroomDemo:IMLib:unspecified] AndroidManifest.xml:42:13-36
	android:name
		ADDED from [ChatroomDemo:IMLib:unspecified] AndroidManifest.xml:41:13-63
receiver#io.rong.imlib.HeartbeatReceiver
ADDED from [ChatroomDemo:IMLib:unspecified] AndroidManifest.xml:43:9-45:38
	android:process
		ADDED from [ChatroomDemo:IMLib:unspecified] AndroidManifest.xml:45:13-35
	android:name
		ADDED from [ChatroomDemo:IMLib:unspecified] AndroidManifest.xml:44:13-59
service#io.rong.push.core.PushRegistrationService
ADDED from [ChatroomDemo:IMLib:unspecified] AndroidManifest.xml:52:9-55:72
	android:exported
		ADDED from [ChatroomDemo:IMLib:unspecified] AndroidManifest.xml:54:13-36
	android:permission
		ADDED from [ChatroomDemo:IMLib:unspecified] AndroidManifest.xml:55:13-69
	android:name
		ADDED from [ChatroomDemo:IMLib:unspecified] AndroidManifest.xml:53:13-69
service#io.rong.push.core.MessageHandleService
ADDED from [ChatroomDemo:IMLib:unspecified] AndroidManifest.xml:56:9-59:72
	android:exported
		ADDED from [ChatroomDemo:IMLib:unspecified] AndroidManifest.xml:58:13-36
	android:permission
		ADDED from [ChatroomDemo:IMLib:unspecified] AndroidManifest.xml:59:13-69
	android:name
		ADDED from [ChatroomDemo:IMLib:unspecified] AndroidManifest.xml:57:13-66
service#io.rong.push.PushService
ADDED from [ChatroomDemo:IMLib:unspecified] AndroidManifest.xml:62:9-66:46
	android:process
		ADDED from [ChatroomDemo:IMLib:unspecified] AndroidManifest.xml:66:13-43
	android:exported
		ADDED from [ChatroomDemo:IMLib:unspecified] AndroidManifest.xml:64:13-36
	android:permission
		ADDED from [ChatroomDemo:IMLib:unspecified] AndroidManifest.xml:65:13-69
	android:name
		ADDED from [ChatroomDemo:IMLib:unspecified] AndroidManifest.xml:63:13-52
receiver#io.rong.push.PushReceiver
ADDED from [ChatroomDemo:IMLib:unspecified] AndroidManifest.xml:69:9-89:20
	android:process
		ADDED from [ChatroomDemo:IMLib:unspecified] AndroidManifest.xml:71:13-43
	android:name
		ADDED from [ChatroomDemo:IMLib:unspecified] AndroidManifest.xml:70:13-53
intent-filter#io.rong.push.intent.action.HEART_BEAT
ADDED from [ChatroomDemo:IMLib:unspecified] AndroidManifest.xml:73:13-75:29
action#io.rong.push.intent.action.HEART_BEAT
ADDED from [ChatroomDemo:IMLib:unspecified] AndroidManifest.xml:74:17-80
	android:name
		ADDED from [ChatroomDemo:IMLib:unspecified] AndroidManifest.xml:74:25-77
intent-filter#android.net.conn.CONNECTIVITY_CHANGE
ADDED from [ChatroomDemo:IMLib:unspecified] AndroidManifest.xml:77:13-79:29
action#android.net.conn.CONNECTIVITY_CHANGE
ADDED from [ChatroomDemo:IMLib:unspecified] AndroidManifest.xml:78:17-79
	android:name
		ADDED from [ChatroomDemo:IMLib:unspecified] AndroidManifest.xml:78:25-76
intent-filter#android.intent.action.BOOT_COMPLETED
ADDED from [ChatroomDemo:IMLib:unspecified] AndroidManifest.xml:81:13-83:29
action#android.intent.action.BOOT_COMPLETED
ADDED from [ChatroomDemo:IMLib:unspecified] AndroidManifest.xml:82:17-79
	android:name
		ADDED from [ChatroomDemo:IMLib:unspecified] AndroidManifest.xml:82:25-76
intent-filter#android.intent.action.ACTION_POWER_CONNECTED+android.intent.action.ACTION_POWER_DISCONNECTED+android.intent.action.USER_PRESENT
ADDED from [ChatroomDemo:IMLib:unspecified] AndroidManifest.xml:84:13-88:29
action#android.intent.action.USER_PRESENT
ADDED from [ChatroomDemo:IMLib:unspecified] AndroidManifest.xml:85:17-77
	android:name
		ADDED from [ChatroomDemo:IMLib:unspecified] AndroidManifest.xml:85:25-74
action#android.intent.action.ACTION_POWER_CONNECTED
ADDED from [ChatroomDemo:IMLib:unspecified] AndroidManifest.xml:86:17-87
	android:name
		ADDED from [ChatroomDemo:IMLib:unspecified] AndroidManifest.xml:86:25-84
action#android.intent.action.ACTION_POWER_DISCONNECTED
ADDED from [ChatroomDemo:IMLib:unspecified] AndroidManifest.xml:87:17-90
	android:name
		ADDED from [ChatroomDemo:IMLib:unspecified] AndroidManifest.xml:87:25-87
android:uses-permission#android.permission.READ_EXTERNAL_STORAGE
IMPLIED from src/main/AndroidManifest.xml:2:1-47:12 reason: io.rong.imlib requested WRITE_EXTERNAL_STORAGE